<?xml version="1.0" encoding="UTF-8"?>
<!-- Generated by org.testng.reporters.JUnitReportReporter -->
<testsuite hostname="DESKTOP-3E9HTGA" failures="0" tests="1" name="Scripts.ValidateEstimatedTimeOfDeparture" time="41.851" errors="0" timestamp="2021-12-13T19:32:19 IST" skipped="0">
  <testcase classname="Scripts.ValidateEstimatedTimeOfDeparture" name="ValidateEstimatedDeparture" time="41.851"/>
  <system-out>
    <![CDATA[Added Pickup location
Added Drop Off location
13122021193200
Load Created Successfully]]>
  </system-out>
</testsuite> <!-- Scripts.ValidateEstimatedTimeOfDeparture -->
