<?xml version="1.0" encoding="UTF-8"?>
<!-- Generated by org.testng.reporters.JUnitReportReporter -->
<testsuite hostname="DESKTOP-3E9HTGA" failures="0" tests="1" name="Scripts.ValidateEstimatedTimeOfArrival" time="42.701" errors="0" timestamp="2021-12-13T12:50:15 IST" skipped="0">
  <testcase classname="Scripts.ValidateEstimatedTimeOfArrival" name="ValidateEstimatedArrival" time="42.701"/>
  <system-out>
    <![CDATA[Added Pickup location
Added Drop Off location
13122021124956
Load Created Successfully]]>
  </system-out>
</testsuite> <!-- Scripts.ValidateEstimatedTimeOfArrival -->
