<?xml version="1.0" encoding="UTF-8"?>
<!-- Generated by org.testng.reporters.JUnitReportReporter -->
<testsuite hostname="DESKTOP-3E9HTGA" failures="0" tests="1" name="Scripts.cancelInvoice" time="75.584" errors="0" timestamp="2021-12-15T18:23:25 IST" skipped="0">
  <testcase classname="Scripts.cancelInvoice" name="validateInvoiceCreation" time="75.584"/>
  <system-out>
    <![CDATA[Added Pickup location
Added Drop Off location
15122021182233
Load Created Successfully]]>
  </system-out>
</testsuite> <!-- Scripts.cancelInvoice -->
