<?xml version="1.0" encoding="UTF-8"?>
<!-- Generated by org.testng.reporters.JUnitReportReporter -->
<testsuite hostname="DESKTOP-3E9HTGA" failures="0" tests="1" name="Scripts.FreightInvoiceEdit" time="81.827" errors="0" timestamp="2021-12-16T10:46:03 IST" skipped="0">
  <testcase classname="Scripts.FreightInvoiceEdit" name="validateInvoiceCreation" time="81.827"/>
  <system-out>
    <![CDATA[Added Pickup location
Added Drop Off location
16122021104503
Load Created Successfully]]>
  </system-out>
</testsuite> <!-- Scripts.FreightInvoiceEdit -->
