<?xml version="1.0" encoding="UTF-8"?>
<!-- Generated by org.testng.reporters.JUnitReportReporter -->
<testsuite hostname="DESKTOP-3E9HTGA" failures="0" tests="1" name="Scripts.CarrierFrieghtcharges" time="62.588" errors="0" timestamp="2021-12-13T12:46:34 IST" skipped="0">
  <testcase classname="Scripts.CarrierFrieghtcharges" name="validateInvoiceCreation" time="62.588"/>
  <system-out>
    <![CDATA[Added Pickup location
Added Drop Off location
13122021124555
Load Created Successfully]]>
  </system-out>
</testsuite> <!-- Scripts.CarrierFrieghtcharges -->
